<?xml version="1.0" encoding="UTF-8"?>
<!-- Generated by org.testng.reporters.JUnitReportReporter -->
<testsuite skipped="3" hostname="SZDJZBDT0105" name="com.yw.testcase.MaterialBasicCreateTest" tests="5" failures="0" timestamp="30 一月 2019 09:36:34 GMT" time="4.056" errors="0">
  <testcase name="materialBasicIndex" time="2.392" classname="com.yw.testcase.MaterialBasicCreateTest"/>
  <testcase name="materialBasicDel" time="1.664" classname="com.yw.testcase.MaterialBasicCreateTest"/>
  <testcase name="materialBasicCheck" classname="com.yw.testcase.MaterialBasicCreateTest">
    <skipped/>
  </testcase> <!-- materialBasicCheck -->
  <testcase name="materialBasicCreate" classname="com.yw.testcase.MaterialBasicCreateTest">
    <skipped/>
  </testcase> <!-- materialBasicCreate -->
  <testcase name="materialBasicModify" classname="com.yw.testcase.MaterialBasicCreateTest">
    <skipped/>
  </testcase> <!-- materialBasicModify -->
</testsuite> <!-- com.yw.testcase.MaterialBasicCreateTest -->
