<?xml version="1.0" encoding="UTF-8"?>
<!-- Generated by org.testng.reporters.JUnitReportReporter -->
<testsuite skipped="1" hostname="SZDJZBDT0105" name="com.yw.testcase.WarehouseTest" tests="3" failures="0" timestamp="01 二月 2019 07:50:37 GMT" time="4.602" errors="0">
  <testcase name="warehouseSetIndex" time="1.353" classname="com.yw.testcase.WarehouseTest"/>
  <testcase name="warehouseCreate" time="3.249" classname="com.yw.testcase.WarehouseTest"/>
  <testcase name="warehouseModify" classname="com.yw.testcase.WarehouseTest">
    <skipped/>
  </testcase> <!-- warehouseModify -->
</testsuite> <!-- com.yw.testcase.WarehouseTest -->
