<?xml version="1.0" encoding="UTF-8"?>
<!-- Generated by org.testng.reporters.JUnitReportReporter -->
<testsuite skipped="4" hostname="SZDJZBDT0105" name="com.yw.testcase.StockOutManagementTest" tests="6" failures="0" timestamp="01 二月 2019 06:47:53 GMT" time="4.474" errors="0">
  <testcase name="stockOutManagementIndex" time="1.724" classname="com.yw.testcase.StockOutManagementTest"/>
  <testcase name="stockOutAudit" time="2.750" classname="com.yw.testcase.StockOutManagementTest"/>
  <testcase name="stockOutCreate" classname="com.yw.testcase.StockOutManagementTest">
    <skipped/>
  </testcase> <!-- stockOutCreate -->
  <testcase name="stockOutDelete" classname="com.yw.testcase.StockOutManagementTest">
    <skipped/>
  </testcase> <!-- stockOutDelete -->
  <testcase name="stockOutModify" classname="com.yw.testcase.StockOutManagementTest">
    <skipped/>
  </testcase> <!-- stockOutModify -->
  <testcase name="stockOutSubmit" classname="com.yw.testcase.StockOutManagementTest">
    <skipped/>
  </testcase> <!-- stockOutSubmit -->
</testsuite> <!-- com.yw.testcase.StockOutManagementTest -->
