<?xml version="1.0" encoding="UTF-8"?>
<!-- Generated by org.testng.reporters.JUnitReportReporter -->
<testsuite skipped="4" hostname="SZDJZBDT0105" name="com.yw.testcase.DetectBasicDataSetTest" tests="8" failures="0" timestamp="02 二月 2019 08:07:35 GMT" time="5.481" errors="0">
  <testcase name="detectBasicDataSetIndex" time="0.239" classname="com.yw.testcase.DetectBasicDataSetTest"/>
  <testcase name="detectItemIndex" time="2.264" classname="com.yw.testcase.DetectBasicDataSetTest"/>
  <testcase name="detectItemCreate" time="1.487" classname="com.yw.testcase.DetectBasicDataSetTest"/>
  <testcase name="detectItemModify" time="1.491" classname="com.yw.testcase.DetectBasicDataSetTest"/>
  <testcase name="detectItemDelete" classname="com.yw.testcase.DetectBasicDataSetTest">
    <skipped/>
  </testcase> <!-- detectItemDelete -->
  <testcase name="detectBasicDataSetCreate" classname="com.yw.testcase.DetectBasicDataSetTest">
    <skipped/>
  </testcase> <!-- detectBasicDataSetCreate -->
  <testcase name="detectBasicDataSetIndex" classname="com.yw.testcase.DetectBasicDataSetTest">
    <skipped/>
  </testcase> <!-- detectBasicDataSetIndex -->
  <testcase name="detectBasicDataSetDelete" classname="com.yw.testcase.DetectBasicDataSetTest">
    <skipped/>
  </testcase> <!-- detectBasicDataSetDelete -->
</testsuite> <!-- com.yw.testcase.DetectBasicDataSetTest -->
