<?xml version="1.0" encoding="UTF-8"?>
<!-- Generated by org.testng.reporters.JUnitReportReporter -->
<testsuite skipped="8" hostname="SZDJZBDT0105" name="com.gf.tests.Login" tests="9" failures="0" timestamp="28 一月 2019 08:25:59 GMT" time="0.276" errors="0">
  <testcase name="loginOut" time="0.276" classname="com.gf.tests.Login"/>
  <testcase name="materialBasicModify" classname="com.gf.tests.Login">
    <skipped/>
  </testcase> <!-- materialBasicModify -->
  <testcase name="materialsApplicationCreate" classname="com.gf.tests.Login">
    <skipped/>
  </testcase> <!-- materialsApplicationCreate -->
  <testcase name="materialsApplicationSubmit" classname="com.gf.tests.Login">
    <skipped/>
  </testcase> <!-- materialsApplicationSubmit -->
  <testcase name="materialBasicDataMaintenance" classname="com.gf.tests.Login">
    <skipped/>
  </testcase> <!-- materialBasicDataMaintenance -->
  <testcase name="materialsApplicationManagement" classname="com.gf.tests.Login">
    <skipped/>
  </testcase> <!-- materialsApplicationManagement -->
  <testcase name="materialsApplicationModify" classname="com.gf.tests.Login">
    <skipped/>
  </testcase> <!-- materialsApplicationModify -->
  <testcase name="materialBasicCheck" classname="com.gf.tests.Login">
    <skipped/>
  </testcase> <!-- materialBasicCheck -->
  <testcase name="materialBasicCreate" classname="com.gf.tests.Login">
    <skipped/>
  </testcase> <!-- materialBasicCreate -->
</testsuite> <!-- com.gf.tests.Login -->
