<?xml version="1.0" encoding="UTF-8"?>
<!-- Generated by org.testng.reporters.JUnitReportReporter -->
<testsuite skipped="1" hostname="SZDJZBDT0105" name="com.yw.testcase.StockManagementTest" tests="3" failures="0" timestamp="01 二月 2019 07:51:23 GMT" time="6.219" errors="0">
  <testcase name="stockManagementIndex" time="2.247" classname="com.yw.testcase.StockManagementTest"/>
  <testcase name="stockOperation" time="3.972" classname="com.yw.testcase.StockManagementTest"/>
  <testcase name="stockCheck" classname="com.yw.testcase.StockManagementTest">
    <skipped/>
  </testcase> <!-- stockCheck -->
</testsuite> <!-- com.yw.testcase.StockManagementTest -->
