<?xml version="1.0" encoding="UTF-8"?>
<!-- Generated by org.testng.reporters.JUnitReportReporter -->
<testsuite skipped="1" hostname="SZDJZBDT0105" name="com.yw.testcase.ProductionManagementTest" tests="4" failures="0" timestamp="01 二月 2019 09:14:56 GMT" time="5.071" errors="0">
  <testcase name="productionManagementIndex" time="1.704" classname="com.yw.testcase.ProductionManagementTest"/>
  <testcase name="disposalCapacityCreate" time="1.419" classname="com.yw.testcase.ProductionManagementTest"/>
  <testcase name="disposalCapacityModify" time="1.948" classname="com.yw.testcase.ProductionManagementTest"/>
  <testcase name="disposalCapacityDelete" classname="com.yw.testcase.ProductionManagementTest">
    <skipped/>
  </testcase> <!-- disposalCapacityDelete -->
</testsuite> <!-- com.yw.testcase.ProductionManagementTest -->
